<?xml version="1.0" encoding="UTF-8"?>
<testsuite xmlns:xsi="http://www.w3.org/2001/XMLSchema-instance" xsi:noNamespaceSchemaLocation="https://maven.apache.org/surefire/maven-surefire-plugin/xsd/surefire-test-report-3.0.xsd" version="3.0" name="com.zajdsky.typesCounters.PokemonTypesCountersApplicationTests" time="2.796" tests="1" errors="0" skipped="0" failures="0">
  <properties>
[...]
</properties>
  <testcase name="contextLoads" classname="com.zajdsky.typesCounters.PokemonTypesCountersApplicationTests" time="0.714">
    <system-out><![CDATA[14:50:43.737 [main] INFO org.springframework.test.context.support.AnnotationConfigContextLoaderUtils -- Could not detect default configuration classes for test class [com.zajdsky.typesCounters.PokemonTypesCountersApplicationTests]: PokemonTypesCountersApplicationTests does not declare any static, non-private, non-final, nested classes annotated with @Configuration.
14:50:43.834 [main] INFO org.springframework.boot.test.context.SpringBootTestContextBootstrapper -- Found @SpringBootConfiguration com.zajdsky.typesCounters.PokemonTypesCountersApplication for test class com.zajdsky.typesCounters.PokemonTypesCountersApplicationTests
14:50:44.022 [main] INFO org.springframework.boot.devtools.restart.RestartApplicationListener -- Restart disabled due to context in which it is running

  .   ____          _            __ _ _
 /\\ / ___'_ __ _ _(_)_ __  __ _ \ \ \ \
( ( )\___ | '_ | '_| | '_ \/ _` | \ \ \ \
 \\/  ___)| |_)| | | | | || (_| |  ) ) ) )
  '  |____| .__|_| |_|_| |_\__, | / / / /
 =========|_|==============|___/=/_/_/_/

 :: Spring Boot ::                (v3.3.3)

2024-09-30T14:50:44.254+02:00  INFO 2652 --- [Pokemon Types Counters] [           main] z.t.PokemonTypesCountersApplicationTests : Starting PokemonTypesCountersApplicationTests using Java 17.0.8.1 with PID 2652 (started by jakub in C:\Users\jakub\Desktop\projekty\Java\typesCounters)
2024-09-30T14:50:44.255+02:00  INFO 2652 --- [Pokemon Types Counters] [           main] z.t.PokemonTypesCountersApplicationTests : No active profile set, falling back to 1 default profile: "default"
2024-09-30T14:50:45.657+02:00  INFO 2652 --- [Pokemon Types Counters] [           main] z.t.PokemonTypesCountersApplicationTests : Started PokemonTypesCountersApplicationTests in 1.647 seconds (process running for 2.569)
]]></system-out>
  </testcase>
</testsuite>